{"uuid":"2b0aab3e-5276-4e8a-ba39-f1b544ad8088","historyId":"3c5eab932eb5f7d3b2be1a8313f78b7b","fullName":"com.naveensdet.unifiedwebautomation.testcases.SignupTest.testValidUserRegistration","labels":[{"name":"package","value":"com.naveensdet.unifiedwebautomation.testcases.SignupTest"},{"name":"testClass","value":"com.naveensdet.unifiedwebautomation.testcases.SignupTest"},{"name":"testMethod","value":"testValidUserRegistration"},{"name":"parentSuite","value":"SpecificTestSuite"},{"name":"suite","value":"SpecificTest"},{"name":"subSuite","value":"com.naveensdet.unifiedwebautomation.testcases.SignupTest"},{"name":"host","value":"Navi"},{"name":"thread","value":"26760@Navi.main(1)"},{"name":"framework","value":"testng"},{"name":"language","value":"java"}],"links":[],"name":"Test successful user registration with valid data","status":"broken","statusDetails":{"known":false,"muted":false,"flaky":false,"message":"Timeout waiting for element [Account Info Header] to be visible","trace":"com.naveensdet.unifiedwebautomation.utils.FrameworkException: Timeout waiting for element [Account Info Header] to be visible\r\n\tat com.naveensdet.unifiedwebautomation.keywords.WaitKeywords.waitForElementVisible(WaitKeywords.java:133)\r\n\tat com.naveensdet.unifiedwebautomation.keywords.Keywords.waitForElementVisible(Keywords.java:1881)\r\n\tat com.naveensdet.unifiedwebautomation.bpc.AuthBPC.registerUser(AuthBPC.java:34)\r\n\tat com.naveensdet.unifiedwebautomation.testcases.SignupTest.testValidUserRegistration(SignupTest.java:39)\r\n\tat java.base/jdk.internal.reflect.DirectMethodHandleAccessor.invoke(DirectMethodHandleAccessor.java:103)\r\n\tat java.base/java.lang.reflect.Method.invoke(Method.java:580)\r\n\tat org.testng.internal.invokers.MethodInvocationHelper.invokeMethod(MethodInvocationHelper.java:141)\r\n\tat org.testng.internal.invokers.TestInvoker.invokeMethod(TestInvoker.java:687)\r\n\tat org.testng.internal.invokers.TestInvoker.invokeTestMethod(TestInvoker.java:230)\r\n\tat org.testng.internal.invokers.MethodRunner.runInSequence(MethodRunner.java:63)\r\n\tat org.testng.internal.invokers.TestInvoker$MethodInvocationAgent.invoke(TestInvoker.java:995)\r\n\tat org.testng.internal.invokers.TestInvoker.invokeTestMethods(TestInvoker.java:203)\r\n\tat org.testng.internal.invokers.TestMethodWorker.invokeTestMethods(TestMethodWorker.java:154)\r\n\tat org.testng.internal.invokers.TestMethodWorker.run(TestMethodWorker.java:134)\r\n\tat java.base/java.util.ArrayList.forEach(ArrayList.java:1596)\r\n\tat org.testng.TestRunner.privateRun(TestRunner.java:741)\r\n\tat org.testng.TestRunner.run(TestRunner.java:616)\r\n\tat org.testng.SuiteRunner.runTest(SuiteRunner.java:421)\r\n\tat org.testng.SuiteRunner.runSequentially(SuiteRunner.java:413)\r\n\tat org.testng.SuiteRunner.privateRun(SuiteRunner.java:373)\r\n\tat org.testng.SuiteRunner.run(SuiteRunner.java:312)\r\n\tat org.testng.SuiteRunnerWorker.runSuite(SuiteRunnerWorker.java:52)\r\n\tat org.testng.SuiteRunnerWorker.run(SuiteRunnerWorker.java:95)\r\n\tat org.testng.TestNG.runSuitesSequentially(TestNG.java:1274)\r\n\tat org.testng.TestNG.runSuitesLocally(TestNG.java:1208)\r\n\tat org.testng.TestNG.runSuites(TestNG.java:1112)\r\n\tat org.testng.TestNG.run(TestNG.java:1079)\r\n\tat org.testng.remote.AbstractRemoteTestNG.run(AbstractRemoteTestNG.java:115)\r\n\tat org.testng.remote.RemoteTestNG.initAndRun(RemoteTestNG.java:293)\r\n\tat org.testng.remote.RemoteTestNG.main(RemoteTestNG.java:91)\r\nCaused by: org.openqa.selenium.TimeoutException: Expected condition failed: waiting for visibility of element located by By.xpath: //b[contains(text(),'Enter Account Information')] (tried for 10 second(s) with 500 milliseconds interval)\nBuild info: version: '4.34.0', revision: '707dcb4246*'\nSystem info: os.name: 'Windows 11', os.arch: 'amd64', os.version: '10.0', java.version: '21.0.7'\nDriver info: driver.version: unknown\r\n\tat org.openqa.selenium.support.ui.FluentWait.timeoutException(FluentWait.java:265)\r\n\tat org.openqa.selenium.support.ui.FluentWait.until(FluentWait.java:228)\r\n\tat com.naveensdet.unifiedwebautomation.keywords.WaitKeywords.waitForElementVisible(WaitKeywords.java:125)\r\n\t... 29 more\r\n"},"stage":"finished","steps":[],"attachments":[],"parameters":[{"name":"headless","value":"false"},{"name":"environment","value":"qa"},{"name":"timeout","value":"30"},{"name":"browser","value":"chrome"}],"start":1754483657681,"stop":1754483673039}