<?xml version="1.0" encoding="UTF-8"?>
<!-- Generated by org.testng.reporters.JUnitXMLReporter -->
<testsuite ignored="9" hostname="Navi" failures="1" tests="1" name="SpecificTest" time="22.035" errors="0" timestamp="2025-08-06T19:21:12 IST">
  <testcase classname="com.naveensdet.unifiedwebautomation.testcases.SignupTest" name="testValidUserRegistration" time="14.547">
    <failure type="com.naveensdet.unifiedwebautomation.utils.FrameworkException" message="Timeout waiting for element [Account Info Header] to be visible">
      <![CDATA[com.naveensdet.unifiedwebautomation.utils.FrameworkException: Timeout waiting for element [Account Info Header] to be visible
at com.naveensdet.unifiedwebautomation.keywords.WaitKeywords.waitForElementVisible(WaitKeywords.java:133)
at com.naveensdet.unifiedwebautomation.keywords.Keywords.waitForElementVisible(Keywords.java:1881)
at com.naveensdet.unifiedwebautomation.bpc.AuthBPC.registerUser(AuthBPC.java:34)
at com.naveensdet.unifiedwebautomation.testcases.SignupTest.testValidUserRegistration(SignupTest.java:39)
at java.base/jdk.internal.reflect.DirectMethodHandleAccessor.invoke(DirectMethodHandleAccessor.java:103)
at java.base/java.lang.reflect.Method.invoke(Method.java:580)
at org.testng.internal.invokers.MethodInvocationHelper.invokeMethod(MethodInvocationHelper.java:141)
at org.testng.internal.invokers.TestInvoker.invokeMethod(TestInvoker.java:687)
at org.testng.internal.invokers.TestInvoker.invokeTestMethod(TestInvoker.java:230)
at org.testng.internal.invokers.MethodRunner.runInSequence(MethodRunner.java:63)
at org.testng.internal.invokers.TestInvoker$MethodInvocationAgent.invoke(TestInvoker.java:995)
at org.testng.internal.invokers.TestInvoker.invokeTestMethods(TestInvoker.java:203)
at org.testng.internal.invokers.TestMethodWorker.invokeTestMethods(TestMethodWorker.java:154)
at org.testng.internal.invokers.TestMethodWorker.run(TestMethodWorker.java:134)
at java.base/java.util.ArrayList.forEach(ArrayList.java:1596)
at org.testng.TestRunner.privateRun(TestRunner.java:741)
at org.testng.TestRunner.run(TestRunner.java:616)
at org.testng.SuiteRunner.runTest(SuiteRunner.java:421)
at org.testng.SuiteRunner.runSequentially(SuiteRunner.java:413)
at org.testng.SuiteRunner.privateRun(SuiteRunner.java:373)
at org.testng.SuiteRunner.run(SuiteRunner.java:312)
at org.testng.SuiteRunnerWorker.runSuite(SuiteRunnerWorker.java:52)
at org.testng.SuiteRunnerWorker.run(SuiteRunnerWorker.java:95)
at org.testng.TestNG.runSuitesSequentially(TestNG.java:1274)
at org.testng.TestNG.runSuitesLocally(TestNG.java:1208)
at org.testng.TestNG.runSuites(TestNG.java:1112)
at org.testng.TestNG.run(TestNG.java:1079)
at org.testng.remote.AbstractRemoteTestNG.run(AbstractRemoteTestNG.java:115)
at org.testng.remote.RemoteTestNG.initAndRun(RemoteTestNG.java:293)
at org.testng.remote.RemoteTestNG.main(RemoteTestNG.java:91)
Caused by: org.openqa.selenium.TimeoutException: Expected condition failed: waiting for visibility of element located by By.xpath: //b[contains(text(),'Enter Account Information')] (tried for 10 second(s) with 500 milliseconds interval)
Build info: version: '4.34.0', revision: '707dcb4246*'
System info: os.name: 'Windows 11', os.arch: 'amd64', os.version: '10.0', java.version: '21.0.7'
Driver info: driver.version: unknown
at org.openqa.selenium.support.ui.FluentWait.timeoutException(FluentWait.java:265)
at org.openqa.selenium.support.ui.FluentWait.until(FluentWait.java:228)
at com.naveensdet.unifiedwebautomation.keywords.WaitKeywords.waitForElementVisible(WaitKeywords.java:125)
... 29 more
]]>
    </failure>
  </testcase> <!-- testValidUserRegistration -->
  <testcase classname="com.naveensdet.unifiedwebautomation.testcases.SignupTest" name="testRegistrationWithMaximumFields" time="0.0">
    <ignored/>
  </testcase> <!-- testRegistrationWithMaximumFields -->
  <testcase classname="com.naveensdet.unifiedwebautomation.testcases.SignupTest" name="testCompleteUserLifecycle" time="0.0">
    <ignored/>
  </testcase> <!-- testCompleteUserLifecycle -->
  <testcase classname="com.naveensdet.unifiedwebautomation.testcases.SignupTest" name="testRegistrationWithExistingEmail" time="0.0">
    <ignored/>
  </testcase> <!-- testRegistrationWithExistingEmail -->
  <testcase classname="com.naveensdet.unifiedwebautomation.testcases.SignupTest" name="testRegistrationCrossBrowser" time="0.0">
    <ignored/>
  </testcase> <!-- testRegistrationCrossBrowser -->
  <testcase classname="com.naveensdet.unifiedwebautomation.testcases.SignupTest" name="testLoginWithInvalidCredentials" time="0.0">
    <ignored/>
  </testcase> <!-- testLoginWithInvalidCredentials -->
  <testcase classname="com.naveensdet.unifiedwebautomation.testcases.SignupTest" name="testRegistrationWithMinimumFields" time="0.0">
    <ignored/>
  </testcase> <!-- testRegistrationWithMinimumFields -->
  <testcase classname="com.naveensdet.unifiedwebautomation.testcases.SignupTest" name="testLoginWithEmptyCredentials" time="0.0">
    <ignored/>
  </testcase> <!-- testLoginWithEmptyCredentials -->
  <testcase classname="com.naveensdet.unifiedwebautomation.testcases.SignupTest" name="testValidUserLogin" time="0.0">
    <ignored/>
  </testcase> <!-- testValidUserLogin -->
  <testcase classname="com.naveensdet.unifiedwebautomation.testcases.SignupTest" name="testUserLogout" time="0.0">
    <ignored/>
  </testcase> <!-- testUserLogout -->
</testsuite> <!-- SpecificTest -->
